<?xml version="1.0" encoding="UTF-8"?>
<!-- Generated by org.testng.reporters.JUnitXMLReporter -->
<testsuite hostname="DESKTOP-BFEQG3F" ignored="2" name="Default test" tests="1" failures="0" timestamp="01 Apr 2022 13:38:31 GMT" time="10.057" errors="0">
  <testcase name="title" time="0.016" classname="org.testng.TestNgTask1"/>
  <testcase name="login" time="0.0" classname="org.testng.TestNgTask1">
    <ignored/>
  </testcase> <!-- login -->
  <testcase name="toFetchUrl" time="0.0" classname="org.testng.TestNgTask1">
    <ignored/>
  </testcase> <!-- toFetchUrl -->
</testsuite> <!-- Default test -->
