<?xml version="1.0" encoding="UTF-8"?>
<!-- Generated by org.testng.reporters.JUnitXMLReporter -->
<testsuite hostname="DESKTOP-BFEQG3F" ignored="1" name="Test" tests="3" failures="0" timestamp="24 Mar 2022 18:26:24 GMT" time="11.791" errors="0">
  <testcase name="tc1" time="4.816" classname="org.testng.ClassA"/>
  <testcase name="tc2" time="0.233" classname="org.testng.ClassA"/>
  <testcase name="tc11" time="6.722" classname="org.testng.ClassB"/>
  <testcase name="tc22" time="0.0" classname="org.testng.ClassB">
    <ignored/>
  </testcase> <!-- tc22 -->
</testsuite> <!-- Test -->
